[22Jan2025 00:01:48.792] [Server thread/INFO] [net.minecraft.server.players.PlayerList/]: kevin123j2[/127.192.14.200:47501] logged in with entity id 58820 at (-1497.7609918281764, 70.5625, 2424.101248754358)
[22Jan2025 00:01:48.887] [Server thread/INFO] [net.minecraft.server.MinecraftServer/]: kevin123j2 joined the game
[22Jan2025 00:01:48.945] [Server thread/INFO] [Jade/]: Syncing config to kevin123j2 (66256a26-dde2-30fc-b9f9-230690d21c47)
[22Jan2025 00:02:15.909] [Server thread/INFO] [net.minecraft.world.entity.LivingEntity/]: Named entity Guard['Refugio'/55716, l='ServerLevel[world]', x=-1559.50, y=74.00, z=2548.47] died: Refugio was poked to death by a sweet berry bush
[22Jan2025 00:02:18.918] [Server thread/INFO] [net.minecraft.server.network.ServerGamePacketListenerImpl/]: kevin123j2 lost connection: Timed out
[22Jan2025 00:02:18.918] [Server thread/INFO] [net.minecraft.server.MinecraftServer/]: kevin123j2 left the game
[22Jan2025 00:02:57.240] [Server thread/INFO] [net.minecraft.server.players.PlayerList/]: kevin123j2[/127.192.14.200:33923] logged in with entity id 59095 at (-1497.7609918281764, 70.5625, 2424.101248754358)
[22Jan2025 00:02:57.256] [Server thread/INFO] [net.minecraft.server.MinecraftServer/]: kevin123j2 joined the game
[22Jan2025 00:02:57.330] [Server thread/INFO] [Jade/]: Syncing config to kevin123j2 (66256a26-dde2-30fc-b9f9-230690d21c47)
[22Jan2025 00:04:32.409] [Server thread/INFO] [net.minecraft.server.MinecraftServer/]: kevin123j2 was slain by Normand
[22Jan2025 00:04:40.808] [Server thread/INFO] [net.minecraft.server.MinecraftServer/]: kevin123j2 was slain by Normand
[22Jan2025 00:04:59.109] [Server thread/INFO] [net.minecraft.server.MinecraftServer/]: kevin123j2 was slain by Magaret
[22Jan2025 00:05:09.010] [Server thread/INFO] [net.minecraft.server.MinecraftServer/]: Jos3enriq withered away
[22Jan2025 00:05:09.014] [Server thread/INFO] [net.minecraft.server.MinecraftServer/]: kevin123j2 was slain by Magaret
[22Jan2025 00:05:49.952] [Server thread/INFO] [net.minecraft.server.MinecraftServer/]: kevin123j2 was slain by Normand
[22Jan2025 00:05:58.703] [Server thread/INFO] [net.minecraft.server.MinecraftServer/]: kevin123j2 was slain by Normand
[22Jan2025 00:06:07.374] [Server thread/INFO] [net.minecraft.world.entity.LivingEntity/]: Named entity ZombieVillager['Normand'/57705, l='ServerLevel[world]', x=-1498.94, y=64.00, z=2419.37] died: Normand was slain by kevin123j2
[22Jan2025 00:06:13.751] [Server thread/INFO] [net.minecraft.server.MinecraftServer/]: kevin123j2 was slain by Magaret
[22Jan2025 00:06:13.897] [Netty Epoll Server IO #3/ERROR] [net.bettercombat.network.ServerNetwork/]: Server handling Packets.C2S_AttackRequest - No current attack hand!
[22Jan2025 00:06:13.897] [Netty Epoll Server IO #3/ERROR] [net.bettercombat.network.ServerNetwork/]: Combo count: 1 is dual wielding: false
[22Jan2025 00:06:13.898] [Netty Epoll Server IO #3/ERROR] [net.bettercombat.network.ServerNetwork/]: Main-hand stack: 0 air
[22Jan2025 00:06:13.898] [Netty Epoll Server IO #3/ERROR] [net.bettercombat.network.ServerNetwork/]: Off-hand stack: 0 air
[22Jan2025 00:06:13.898] [Netty Epoll Server IO #3/ERROR] [net.bettercombat.network.ServerNetwork/]: Selected slot server: 1 | client: 1
[22Jan2025 00:06:27.253] [Server thread/INFO] [net.minecraft.server.MinecraftServer/]: kevin123j2 was slain by Magaret
[22Jan2025 00:06:27.299] [Netty Epoll Server IO #3/ERROR] [net.bettercombat.network.ServerNetwork/]: Server handling Packets.C2S_AttackRequest - No current attack hand!
[22Jan2025 00:06:27.299] [Netty Epoll Server IO #3/ERROR] [net.bettercombat.network.ServerNetwork/]: Combo count: 2 is dual wielding: false
[22Jan2025 00:06:27.299] [Netty Epoll Server IO #3/ERROR] [net.bettercombat.network.ServerNetwork/]: Main-hand stack: 0 air
[22Jan2025 00:06:27.299] [Netty Epoll Server IO #3/ERROR] [net.bettercombat.network.ServerNetwork/]: Off-hand stack: 0 air
[22Jan2025 00:06:27.299] [Netty Epoll Server IO #3/ERROR] [net.bettercombat.network.ServerNetwork/]: Selected slot server: 2 | client: 2
[22Jan2025 00:06:36.852] [Server thread/INFO] [net.minecraft.server.MinecraftServer/]: kevin123j2 was slain by Magaret
[22Jan2025 00:06:59.425] [Server thread/INFO] [net.minecraft.world.entity.LivingEntity/]: Named entity ZombieVillager['Magaret'/57880, l='ServerLevel[world]', x=-1497.20, y=64.06, z=2421.30] died: Magaret was slain by kevin123j2
[22Jan2025 00:07:48.101] [Server thread/INFO] [net.minecraft.server.MinecraftServer/]: Jos3enriq withered away
[22Jan2025 00:09:29.516] [Server thread/INFO] [net.minecraft.server.MinecraftServer/]: Jos3enriq has reached the goal [Horror Under the Mantle]
[22Jan2025 00:11:28.224] [Server thread/INFO] [net.minecraft.server.network.ServerGamePacketListenerImpl/]: kevin123j2 lost connection: Timed out
[22Jan2025 00:11:28.224] [Server thread/INFO] [net.minecraft.server.MinecraftServer/]: kevin123j2 left the game
[22Jan2025 00:11:45.142] [Server thread/INFO] [net.minecraft.server.players.PlayerList/]: kevin123j2[/127.192.14.200:33457] logged in with entity id 61142 at (-1508.0481484231207, 62.590181362983586, 2291.6700490224616)
[22Jan2025 00:11:45.155] [Server thread/INFO] [net.minecraft.server.MinecraftServer/]: kevin123j2 joined the game
[22Jan2025 00:11:45.199] [Server thread/INFO] [Jade/]: Syncing config to kevin123j2 (66256a26-dde2-30fc-b9f9-230690d21c47)
[22Jan2025 00:12:07.703] [Server thread/INFO] [net.minecraft.server.MinecraftServer/]: Jos3enriq was slain by Ollie
[22Jan2025 00:12:43.127] [Server thread/INFO] [net.minecraft.server.MinecraftServer/]: kevin123j2 froze to death
[22Jan2025 00:12:51.701] [Server thread/INFO] [net.minecraft.world.entity.LivingEntity/]: Named entity ZombieVillager['Ollie'/57625, l='ServerLevel[world]', x=-1498.35, y=70.00, z=2419.30] died: Ollie was doomed to fall by Jos3enriq
[22Jan2025 00:14:14.674] [Server thread/INFO] [net.minecraft.server.network.ServerGamePacketListenerImpl/]: kevin123j2 lost connection: Disconnected
[22Jan2025 00:14:14.674] [Server thread/INFO] [net.minecraft.server.MinecraftServer/]: kevin123j2 left the game
[22Jan2025 00:16:04.595] [Server thread/INFO] [net.minecraft.server.players.PlayerList/]: kevin123j2[/127.192.14.200:36391] logged in with entity id 62155 at (-1508.0481484231207, 62.590181362983586, 2291.6700490224616)
[22Jan2025 00:16:04.610] [Server thread/INFO] [net.minecraft.server.MinecraftServer/]: kevin123j2 joined the game
[22Jan2025 00:16:04.653] [Server thread/INFO] [Jade/]: Syncing config to kevin123j2 (66256a26-dde2-30fc-b9f9-230690d21c47)
[22Jan2025 00:19:19.627] [Server thread/INFO] [net.minecraft.server.MinecraftServer/]: kevin123j2 froze to death
[22Jan2025 00:21:21.135] [Server thread/INFO] [net.minecraft.server.MinecraftServer/]: kevin123j2 froze to death
[22Jan2025 00:23:14.492] [Server thread/INFO] [net.minecraft.server.MinecraftServer/]: kevin123j2 froze to death
